<?xml version="1.0" encoding="UTF-8"?>
<!-- Generated by org.testng.reporters.JUnitXMLReporter -->
<testsuite hostname="LAPTOP-VK2E1059" ignored="0" name="Test" tests="6" failures="0" timestamp="2022-06-30T16:48:44 IST" time="54.463" errors="0">
  <testcase name="test_account_registration" time="5.076" classname="testCases.TC_001_AccountRegistration"/>
  <testcase name="test_login" time="2.737" classname="testCases.TC_002_Login"/>
  <testcase name="test_LoginDDT" time="2.831" classname="testCases.TC_003_LoginDDT"/>
  <testcase name="test_LoginDDT" time="11.601" classname="testCases.TC_003_LoginDDT"/>
  <testcase name="test_LoginDDT" time="11.739" classname="testCases.TC_003_LoginDDT"/>
  <testcase name="test_LoginDDT" time="11.804" classname="testCases.TC_003_LoginDDT"/>
</testsuite> <!-- Test -->
