<?xml version="1.0" encoding="UTF-8"?>
<!-- Generated by org.testng.reporters.JUnitXMLReporter -->
<testsuite ignored="2" hostname="LAPTOP-VK2E1059" failures="0" tests="1" name="Test" time="14.85" errors="0" timestamp="2022-06-30T13:48:36 IST">
  <testcase classname="testCases.TC_001_AccountRegistration" name="test_account_registration" time="5.223"/>
  <testcase classname="testCases.TC_002_Login" name="test_login" time="0.0">
    <ignored/>
  </testcase> <!-- test_login -->
  <testcase classname="testCases.TC_003_LoginDDT" name="test_LoginDDT" time="0.0">
    <ignored/>
  </testcase> <!-- test_LoginDDT -->
</testsuite> <!-- Test -->
